2017.11.05 19:11:26 INFO  [o.s.s.c.t.CeWorkerCallableImpl] Execute task | project=my:clinica | type=REPORT | id=AV-OquHhoMK3CrR20kON
2017.11.05 19:11:28 INFO  [o.s.s.c.s.ExtractReportStep] Analysis report extracted | compressedSize=1 MB
2017.11.05 19:11:28 INFO  [o.s.s.c.s.ComputationStepExecutor] Extract report | time=2228ms
2017.11.05 19:11:28 INFO  [o.s.s.c.s.LogScannerContextStep] SonarQube plugins:
2017.11.05 19:11:28 INFO  [o.s.s.c.s.LogScannerContextStep]   - C# 5.0 (csharp)
2017.11.05 19:11:28 INFO  [o.s.s.c.s.LogScannerContextStep]   - Java 3.13.1 (java)
2017.11.05 19:11:28 INFO  [o.s.s.c.s.LogScannerContextStep]   - Web 2.5.0.476 (web)
2017.11.05 19:11:28 INFO  [o.s.s.c.s.LogScannerContextStep]   - Git 1.2 (scmgit)
2017.11.05 19:11:28 INFO  [o.s.s.c.s.LogScannerContextStep]   - SonarPHP 2.11.0.2485 (php)
2017.11.05 19:11:28 INFO  [o.s.s.c.s.LogScannerContextStep]   - SVN 1.3 (scmsvn)
2017.11.05 19:11:28 INFO  [o.s.s.c.s.LogScannerContextStep]   - JavaScript 2.11 (javascript)
2017.11.05 19:11:28 INFO  [o.s.s.c.s.LogScannerContextStep] Global properties:
2017.11.05 19:11:28 INFO  [o.s.s.c.s.LogScannerContextStep]   - sonar.core.id=20171105191014
2017.11.05 19:11:28 INFO  [o.s.s.c.s.LogScannerContextStep]   - sonar.core.startTime=2017-11-05T19:10:14-0500
2017.11.05 19:11:28 INFO  [o.s.s.c.s.LogScannerContextStep]   - sonar.core.version=5.6.7
2017.11.05 19:11:28 INFO  [o.s.s.c.s.LogScannerContextStep]   - sonar.permission.template.default=default_template
2017.11.05 19:11:28 INFO  [o.s.s.c.s.LogScannerContextStep]   - sonar.qualitygate=1
2017.11.05 19:11:28 INFO  [o.s.s.c.s.LogScannerContextStep] Settings for module: my:clinica
2017.11.05 19:11:28 INFO  [o.s.s.c.s.LogScannerContextStep]   - sonar.projectBaseDir=C:\sonar-scanner
2017.11.05 19:11:28 INFO  [o.s.s.c.s.LogScannerContextStep]   - sonar.projectKey=my:clinica
2017.11.05 19:11:28 INFO  [o.s.s.c.s.LogScannerContextStep]   - sonar.projectName=Proyecto
2017.11.05 19:11:28 INFO  [o.s.s.c.s.LogScannerContextStep]   - sonar.projectVersion=1.0
2017.11.05 19:11:28 INFO  [o.s.s.c.s.LogScannerContextStep]   - sonar.sourceEncoding=windows-1252
2017.11.05 19:11:28 INFO  [o.s.s.c.s.LogScannerContextStep]   - sonar.sources=C:\sonar-scanner\ClinicaReategui
2017.11.05 19:11:28 INFO  [o.s.s.c.s.LogScannerContextStep]   - sonar.working.directory=C:\sonar-scanner\.scannerwork
2017.11.05 19:11:28 INFO  [o.s.s.c.s.ComputationStepExecutor] Log scanner context | time=2ms
2017.11.05 19:11:28 INFO  [o.s.s.c.s.ComputationStepExecutor] Load analysis metadata | time=70ms
2017.11.05 19:11:29 INFO  [o.s.s.c.s.ComputationStepExecutor] Build tree of components | time=284ms
2017.11.05 19:11:29 INFO  [o.s.s.c.s.ComputationStepExecutor] Validate project | time=15ms
2017.11.05 19:11:29 INFO  [o.s.s.c.s.ComputationStepExecutor] Load quality profiles | time=255ms
2017.11.05 19:11:29 INFO  [o.s.s.c.s.ComputationStepExecutor] Load Quality gate | time=13ms
2017.11.05 19:11:29 INFO  [o.s.s.c.s.ComputationStepExecutor] Load differential periods | time=17ms
2017.11.05 19:11:29 INFO  [o.s.s.c.s.ComputationStepExecutor] Load inner file and in project duplications | time=188ms
2017.11.05 19:11:29 INFO  [o.s.s.c.d.CrossProjectDuplicationStatusHolderImpl] Cross project duplication is disabled because it's disabled in the analysis report
2017.11.05 19:11:29 INFO  [o.s.s.c.s.ComputationStepExecutor] Compute cross project duplications | time=0ms
2017.11.05 19:11:29 INFO  [o.s.s.c.s.ComputationStepExecutor] Compute size measures | time=123ms
2017.11.05 19:11:29 INFO  [o.s.s.c.s.ComputationStepExecutor] Compute new coverage | time=78ms
2017.11.05 19:11:29 INFO  [o.s.s.c.s.ComputationStepExecutor] Compute coverage measures | time=16ms
2017.11.05 19:11:29 INFO  [o.s.s.c.s.ComputationStepExecutor] Compute comment measures | time=25ms
2017.11.05 19:11:30 INFO  [o.s.s.c.s.ComputationStepExecutor] Copy custom measures | time=354ms
2017.11.05 19:11:30 INFO  [o.s.s.c.s.ComputationStepExecutor] Compute duplication measures | time=29ms
2017.11.05 19:11:30 INFO  [o.s.s.c.s.ComputationStepExecutor] Compute duplication data measures | time=57ms
2017.11.05 19:11:30 INFO  [o.s.s.c.s.ComputationStepExecutor] Compute language distribution | time=35ms
2017.11.05 19:11:30 INFO  [o.s.s.c.s.ComputationStepExecutor] Compute test measures | time=8ms
2017.11.05 19:11:30 INFO  [o.s.s.c.s.ComputationStepExecutor] Compute complexity measures | time=97ms
2017.11.05 19:11:30 INFO  [o.s.s.c.s.ComputationStepExecutor] Load measure computers | time=3ms
2017.11.05 19:11:33 INFO  [o.s.s.c.s.ExecuteVisitorsStep]   Execution time for each component visitor:
2017.11.05 19:11:33 INFO  [o.s.s.c.s.ExecuteVisitorsStep]   - LoadComponentUuidsHavingOpenIssuesVisitor | time=19ms
2017.11.05 19:11:33 INFO  [o.s.s.c.s.ExecuteVisitorsStep]   - IntegrateIssuesVisitor | time=2493ms
2017.11.05 19:11:33 INFO  [o.s.s.c.s.ExecuteVisitorsStep]   - CloseIssuesOnRemovedComponentsVisitor | time=0ms
2017.11.05 19:11:33 INFO  [o.s.s.c.s.ExecuteVisitorsStep]   - QualityModelMeasuresVisitor | time=38ms
2017.11.05 19:11:33 INFO  [o.s.s.c.s.ExecuteVisitorsStep]   - NewQualityModelMeasuresVisitor | time=20ms
2017.11.05 19:11:33 INFO  [o.s.s.c.s.ExecuteVisitorsStep]   - LastCommitVisitor | time=1ms
2017.11.05 19:11:33 INFO  [o.s.s.c.s.ExecuteVisitorsStep]   - MeasureComputersVisitor | time=10ms
2017.11.05 19:11:33 INFO  [o.s.s.c.s.ComputationStepExecutor] Execute component visitors | time=2608ms
2017.11.05 19:11:33 INFO  [o.s.s.c.s.ComputationStepExecutor] Compute measure variations | time=456ms
2017.11.05 19:11:33 INFO  [o.s.s.c.s.ComputationStepExecutor] Compute Quality Gate measures | time=34ms
2017.11.05 19:11:33 INFO  [o.s.s.c.s.ComputationStepExecutor] Compute Quality profile measures | time=9ms
2017.11.05 19:11:33 INFO  [o.s.s.c.s.ComputationStepExecutor] Generate Quality profile events | time=10ms
2017.11.05 19:11:33 INFO  [o.s.s.c.s.ComputationStepExecutor] Generate Quality gate events | time=2ms
2017.11.05 19:11:33 INFO  [o.s.s.c.s.ComputationStepExecutor] Persist components | time=70ms
2017.11.05 19:11:33 INFO  [o.s.s.c.s.ComputationStepExecutor] Persist snapshots | time=197ms
2017.11.05 19:11:35 INFO  [o.s.s.c.s.ComputationStepExecutor] Persist measures | time=1676ms
2017.11.05 19:11:37 INFO  [o.s.s.c.s.ComputationStepExecutor] Persist issues | time=2062ms
2017.11.05 19:11:37 INFO  [o.s.s.c.s.ComputationStepExecutor] Persist project links | time=3ms
2017.11.05 19:11:37 INFO  [o.s.s.c.s.ComputationStepExecutor] Persist events | time=6ms
2017.11.05 19:11:38 INFO  [o.s.s.c.s.ComputationStepExecutor] Persist sources | time=1070ms
2017.11.05 19:11:38 INFO  [o.s.s.c.s.ComputationStepExecutor] Persist tests | time=3ms
2017.11.05 19:11:38 INFO  [o.s.s.c.s.ComputationStepExecutor] Persist cross project duplications index | time=0ms
2017.11.05 19:11:38 INFO  [o.s.s.c.s.ComputationStepExecutor] Enable snapshot | time=104ms
2017.11.05 19:11:38 INFO  [o.s.s.c.s.ComputationStepExecutor] Index components | time=56ms
2017.11.05 19:11:39 INFO  [o.s.s.c.s.ComputationStepExecutor] Purge db | time=796ms
2017.11.05 19:11:39 INFO  [o.s.s.c.s.ComputationStepExecutor] Apply permissions | time=11ms
2017.11.05 19:11:39 INFO  [o.s.s.c.s.ComputationStepExecutor] Index issues | time=62ms
2017.11.05 19:11:39 INFO  [o.s.s.c.s.ComputationStepExecutor] Index tests | time=14ms
2017.11.05 19:11:39 INFO  [o.s.s.c.s.ComputationStepExecutor] Send issue notifications | time=1ms
2017.11.05 19:11:39 INFO  [o.s.s.c.s.ComputationStepExecutor] Publish task results | time=0ms
2017.11.05 19:11:40 INFO  [o.s.s.c.t.CeWorkerCallableImpl] Executed task | project=my:clinica | type=REPORT | id=AV-OquHhoMK3CrR20kON | time=14487ms
